Build started 11/13/2018 9:27:20 PM.
     1>Project "C:\Users\donov\Desktop\Quake modding\Games\Quake II\Johnathan Adventure\quake2-full\ref_soft\ref_soft.vcxproj" on node 4 (Build target(s)).
     1>C:\Program Files (x86)\MSBuild\Microsoft.Cpp\v4.0\V120\Microsoft.CppBuild.targets(364,5): warning MSB8004: Output Directory does not end with a trailing slash.  This build instance will add the slash as it is required to allow proper evaluation of the Output Directory.
     1>C:\Program Files (x86)\MSBuild\Microsoft.Cpp\v4.0\V120\Microsoft.CppCommon.targets(170,5): warning MSB8018: No outputs specified for item "ref_soft.def". Its custom build command will be skipped.
         Performing Custom Build Tools
          Assembling: C:\Users\donov\Desktop\Quake
     1>MASM : fatal error A1000: cannot open file : C:\Users\donov\Desktop\Quake
         Microsoft (R) Macro Assembler Version 12.00.40629.0
         Copyright (C) Microsoft Corporation.  All rights reserved.
         
         Performing Custom Build Tools
         Microsoft (R) Macro Assembler Version 12.00.40629.0
         Copyright (C) Microsoft Corporation.  All rights reserved.
         
          Assembling: C:\Users\donov\Desktop\Quake
     1>MASM : fatal error A1000: cannot open file : C:\Users\donov\Desktop\Quake
         Performing Custom Build Tools
          Assembling: C:\Users\donov\Desktop\Quake
     1>MASM : fatal error A1000: cannot open file : C:\Users\donov\Desktop\Quake
         Microsoft (R) Macro Assembler Version 12.00.40629.0
         Copyright (C) Microsoft Corporation.  All rights reserved.
         
         Performing Custom Build Tools
          Assembling: C:\Users\donov\Desktop\Quake
     1>MASM : fatal error A1000: cannot open file : C:\Users\donov\Desktop\Quake
         Microsoft (R) Macro Assembler Version 12.00.40629.0
         Copyright (C) Microsoft Corporation.  All rights reserved.
         
         Performing Custom Build Tools
          Assembling: C:\Users\donov\Desktop\Quake
     1>MASM : fatal error A1000: cannot open file : C:\Users\donov\Desktop\Quake
         Microsoft (R) Macro Assembler Version 12.00.40629.0
         Copyright (C) Microsoft Corporation.  All rights reserved.
         
         Performing Custom Build Tools
          Assembling: C:\Users\donov\Desktop\Quake
     1>MASM : fatal error A1000: cannot open file : C:\Users\donov\Desktop\Quake
         Microsoft (R) Macro Assembler Version 12.00.40629.0
         Copyright (C) Microsoft Corporation.  All rights reserved.
         
         Performing Custom Build Tools
          Assembling: C:\Users\donov\Desktop\Quake
     1>MASM : fatal error A1000: cannot open file : C:\Users\donov\Desktop\Quake
         Microsoft (R) Macro Assembler Version 12.00.40629.0
         Copyright (C) Microsoft Corporation.  All rights reserved.
         
         Performing Custom Build Tools
         Microsoft (R) Macro Assembler Version 12.00.40629.0
         Copyright (C) Microsoft Corporation.  All rights reserved.
         
          Assembling: C:\Users\donov\Desktop\Quake
     1>MASM : fatal error A1000: cannot open file : C:\Users\donov\Desktop\Quake
         Performing Custom Build Tools
         Microsoft (R) Macro Assembler Version 12.00.40629.0
         Copyright (C) Microsoft Corporation.  All rights reserved.
         
          Assembling: C:\Users\donov\Desktop\Quake
     1>MASM : fatal error A1000: cannot open file : C:\Users\donov\Desktop\Quake
     1>Done Building Project "C:\Users\donov\Desktop\Quake modding\Games\Quake II\Johnathan Adventure\quake2-full\ref_soft\ref_soft.vcxproj" (Build target(s)) -- FAILED.

Build FAILED.

Time Elapsed 00:00:01.56
